<?xml version="1.0" encoding="UTF-8"?>
<!-- Generated by org.testng.reporters.JUnitXMLReporter -->
<testsuite hostname="zhangshaojie.local" ignored="0" name="Default test" tests="5" failures="0" timestamp="30 七月 2018 12:44:12 GMT" time="0.045" errors="0">
  <testcase name="f" time="0.009" classname="bai.zsj.com.Test1"/>
  <testcase name="f2" time="0.002" classname="bai.zsj.com.Test1"/>
  <testcase name="f3" time="0.001" classname="bai.zsj.com.Test1"/>
  <testcase name="f4" time="0.001" classname="bai.zsj.com.Test1"/>
  <testcase name="f5" time="0.0" classname="bai.zsj.com.Test1"/>
</testsuite> <!-- Default test -->
