<?xml version="1.0" encoding="UTF-8"?>
<testng-results skipped="0" failed="0" ignored="0" total="5" passed="5">
  <reporter-output>
  </reporter-output>
  <suite name="Default suite" duration-ms="45" started-at="2018-07-30T12:44:12Z" finished-at="2018-07-30T12:44:12Z">
    <groups>
    </groups>
    <test name="Default test" duration-ms="45" started-at="2018-07-30T12:44:12Z" finished-at="2018-07-30T12:44:12Z">
      <class name="bai.zsj.com.Test1">
        <test-method status="PASS" signature="f()[pri:0, instance:bai.zsj.com.Test1@68c4039c]" name="f" duration-ms="9" started-at="2018-07-30T12:44:12Z" finished-at="2018-07-30T12:44:12Z">
          <reporter-output>
          </reporter-output>
        </test-method> <!-- f -->
        <test-method status="PASS" signature="f2()[pri:0, instance:bai.zsj.com.Test1@68c4039c]" name="f2" duration-ms="2" started-at="2018-07-30T12:44:12Z" finished-at="2018-07-30T12:44:12Z">
          <reporter-output>
          </reporter-output>
        </test-method> <!-- f2 -->
        <test-method status="PASS" signature="f3()[pri:0, instance:bai.zsj.com.Test1@68c4039c]" name="f3" duration-ms="1" started-at="2018-07-30T12:44:12Z" finished-at="2018-07-30T12:44:12Z">
          <reporter-output>
          </reporter-output>
        </test-method> <!-- f3 -->
        <test-method status="PASS" signature="f4()[pri:0, instance:bai.zsj.com.Test1@68c4039c]" name="f4" duration-ms="1" started-at="2018-07-30T12:44:12Z" finished-at="2018-07-30T12:44:12Z">
          <reporter-output>
          </reporter-output>
        </test-method> <!-- f4 -->
        <test-method status="PASS" signature="f5()[pri:0, instance:bai.zsj.com.Test1@68c4039c]" name="f5" duration-ms="0" started-at="2018-07-30T12:44:12Z" finished-at="2018-07-30T12:44:12Z">
          <reporter-output>
          </reporter-output>
        </test-method> <!-- f5 -->
      </class> <!-- bai.zsj.com.Test1 -->
    </test> <!-- Default test -->
  </suite> <!-- Default suite -->
</testng-results>
